============================= test session starts =============================
platform win32 -- Python 3.13.13, pytest-9.1.0, pluggy-1.6.0
rootdir: C:\Users\ameer\OneDrive\Desktop\Ai-wdefe3
configfile: pyproject.toml
testpaths: tests
plugins: anyio-4.14.0, langsmith-0.8.16, cov-7.1.0
collected 132 items

tests\unit\test_agent_trace.py .                                         [  0%]
tests\unit\test_cli.py .                                                 [  1%]
tests\unit\test_comparison_delta.py ....                                 [  4%]
tests\unit\test_comparison_engine.py .....                               [  8%]
tests\unit\test_comparison_pipeline.py .                                 [  9%]
tests\unit\test_config.py ..                                             [ 10%]
tests\unit\test_detect_cli.py ..                                         [ 12%]
tests\unit\test_detection_engine.py .                                    [ 12%]
tests\unit\test_detection_models.py .                                    [ 13%]
tests\unit\test_detection_scanner.py ........                            [ 19%]
tests\unit\test_dynamic_hotmd.py ....                                    [ 22%]
tests\unit\test_git_diff_reader.py ...                                   [ 25%]
tests\unit\test_graph_collector.py ..                                    [ 26%]
tests\unit\test_graph_parser.py ..........                               [ 34%]
tests\unit\test_graphify_agent.py .                                      [ 34%]
tests\unit\test_graphify_cli.py ...                                      [ 37%]
tests\unit\test_graphify_runner.py ....                                  [ 40%]
tests\unit\test_hotmd_cli.py ...                                         [ 42%]
tests\unit\test_obsidian_cli.py ...                                      [ 44%]
tests\unit\test_obsidian_vault.py .....                                  [ 48%]
tests\unit\test_parse_cli.py ..                                          [ 50%]
tests\unit\test_patching_engine.py .....                                 [ 53%]
tests\unit\test_patching_models.py ..                                    [ 55%]
tests\unit\test_patching_recipes.py ......                               [ 59%]
tests\unit\test_patching_validator.py .......                            [ 65%]
tests\unit\test_phase_after_paths.py .....                               [ 68%]
tests\unit\test_phase_after_pipeline.py F                                [ 69%]
tests\unit\test_phase_report_guard.py ....                               [ 72%]
tests\unit\test_pipeline_agents.py ....                                  [ 75%]
tests\unit\test_pipeline_cli.py ..                                       [ 77%]
tests\unit\test_pipeline_state.py ..                                     [ 78%]
tests\unit\test_recommend_cli.py ..                                      [ 80%]
tests\unit\test_recommendation.py ......                                 [ 84%]
tests\unit\test_regression_cli.py ...                                    [ 87%]
tests\unit\test_regression_models.py ..                                  [ 88%]
tests\unit\test_regression_pipeline.py .                                 [ 89%]
tests\unit\test_regression_report_writer.py ..                           [ 90%]
tests\unit\test_regression_validators.py ........                        [ 96%]
tests\unit\test_sdk.py .                                                 [ 97%]
tests\unit\test_version.py .                                             [ 98%]
tests\unit\test_workflow_compile.py .                                    [ 99%]
tests\unit\test_workflow_dry_run.py .                                    [100%]

================================== FAILURES ===================================
_______________ test_pipeline_after_completes_comparison_report _______________

tmp_path = WindowsPath('C:/Users/ameer/AppData/Local/Temp/pytest-of-ameer/pytest-68/test_pipeline_after_completes_1')
monkeypatch = <_pytest.monkeypatch.MonkeyPatch object at 0x000002661C15F000>

    def test_pipeline_after_completes_comparison_report(tmp_path: Path, monkeypatch) -> None:
        project_root = setup_after_project(tmp_path, monkeypatch)
        write_comparison_arch(project_root)
        graph_dir = project_root / "artifacts" / "graph" / "after"
        metrics_dir = project_root / "reports" / "architecture"
        graph_dir.mkdir(parents=True)
>       metrics_dir.mkdir(parents=True)

tests\unit\test_phase_after_pipeline.py:28: 
_ _ _ _ _ _ _ _ _ _ _ _ _ _ _ _ _ _ _ _ _ _ _ _ _ _ _ _ _ _ _ _ _ _ _ _ _ _ _ _

self = WindowsPath('C:/Users/ameer/AppData/Local/Temp/pytest-of-ameer/pytest-68/test_pipeline_after_completes_1/project/reports/architecture')
mode = 511, parents = True, exist_ok = False

    def mkdir(self, mode=0o777, parents=False, exist_ok=False):
        """
        Create a new directory at this given path.
        """
        try:
>           os.mkdir(self, mode)
E           FileExistsError: [WinError 183] Cannot create a file when that file already exists: 'C:\\Users\\ameer\\AppData\\Local\\Temp\\pytest-of-ameer\\pytest-68\\test_pipeline_after_completes_1\\project\\reports\\architecture'

..\..\..\AppData\Local\Programs\Python\Python313\Lib\pathlib\_local.py:722: FileExistsError
=========================== short test summary info ===========================
FAILED tests/unit/test_phase_after_pipeline.py::test_pipeline_after_completes_comparison_report
======================== 1 failed, 131 passed in 2.73s ========================
